

Started GET "/voters/" for 127.0.0.1 at 2015-10-10 19:22:29 +0300

ActiveRecord::PendingMigrationError (

Migrations are pending. To resolve this issue, run:

	bin/rake db:migrate RAILS_ENV=development

):
  activerecord (4.2.2) lib/active_record/migration.rb:393:in `check_pending!'
  activerecord (4.2.2) lib/active_record/migration.rb:374:in `call'
  actionpack (4.2.2) lib/action_dispatch/middleware/callbacks.rb:29:in `block in call'
  activesupport (4.2.2) lib/active_support/callbacks.rb:88:in `call'
  activesupport (4.2.2) lib/active_support/callbacks.rb:88:in `_run_callbacks'
  activesupport (4.2.2) lib/active_support/callbacks.rb:776:in `_run_call_callbacks'
  activesupport (4.2.2) lib/active_support/callbacks.rb:81:in `run_callbacks'
  actionpack (4.2.2) lib/action_dispatch/middleware/callbacks.rb:27:in `call'
  actionpack (4.2.2) lib/action_dispatch/middleware/reloader.rb:73:in `call'
  actionpack (4.2.2) lib/action_dispatch/middleware/remote_ip.rb:78:in `call'
  web-console (2.0.0.beta3) lib/action_dispatch/debug_exceptions.rb:18:in `middleware_call'
  web-console (2.0.0.beta3) lib/action_dispatch/debug_exceptions.rb:13:in `call'
  actionpack (4.2.2) lib/action_dispatch/middleware/show_exceptions.rb:30:in `call'
  railties (4.2.2) lib/rails/rack/logger.rb:38:in `call_app'
  railties (4.2.2) lib/rails/rack/logger.rb:20:in `block in call'
  activesupport (4.2.2) lib/active_support/tagged_logging.rb:68:in `block in tagged'
  activesupport (4.2.2) lib/active_support/tagged_logging.rb:26:in `tagged'
  activesupport (4.2.2) lib/active_support/tagged_logging.rb:68:in `tagged'
  railties (4.2.2) lib/rails/rack/logger.rb:20:in `call'
  actionpack (4.2.2) lib/action_dispatch/middleware/request_id.rb:21:in `call'
  rack (1.6.4) lib/rack/methodoverride.rb:22:in `call'
  rack (1.6.4) lib/rack/runtime.rb:18:in `call'
  activesupport (4.2.2) lib/active_support/cache/strategy/local_cache_middleware.rb:28:in `call'
  rack (1.6.4) lib/rack/lock.rb:17:in `call'
  actionpack (4.2.2) lib/action_dispatch/middleware/static.rb:113:in `call'
  rack (1.6.4) lib/rack/sendfile.rb:113:in `call'
  railties (4.2.2) lib/rails/engine.rb:518:in `call'
  railties (4.2.2) lib/rails/application.rb:164:in `call'
  rack (1.6.4) lib/rack/lock.rb:17:in `call'
  rack (1.6.4) lib/rack/content_length.rb:15:in `call'
  rack (1.6.4) lib/rack/handler/webrick.rb:88:in `service'
  /usr/lib/ruby/2.1.0/webrick/httpserver.rb:138:in `service'
  /usr/lib/ruby/2.1.0/webrick/httpserver.rb:94:in `run'
  /usr/lib/ruby/2.1.0/webrick/server.rb:295:in `block in start_thread'


  Rendered /var/lib/gems/2.1.0/gems/web-console-2.0.0.beta3/lib/action_dispatch/templates/rescues/_source.erb (26.4ms)
  Rendered /var/lib/gems/2.1.0/gems/web-console-2.0.0.beta3/lib/action_dispatch/templates/rescues/_trace.html.erb (3.4ms)
  Rendered /var/lib/gems/2.1.0/gems/web-console-2.0.0.beta3/lib/action_dispatch/templates/rescues/_request_and_response.html.erb (2.4ms)
  Rendered /var/lib/gems/2.1.0/gems/web-console-2.0.0.beta3/lib/action_dispatch/templates/rescues/_web_console.html.erb (2.3ms)
  Rendered /var/lib/gems/2.1.0/gems/web-console-2.0.0.beta3/lib/action_dispatch/templates/rescues/diagnostics.html.erb within rescues/layout (68.7ms)
  [1m[36m (237.7ms)[0m  [1mCREATE TABLE "schema_migrations" ("version" varchar NOT NULL) [0m
  [1m[35m (0.5ms)[0m  select sqlite_version(*)
  [1m[36m (105.5ms)[0m  [1mCREATE UNIQUE INDEX "unique_schema_migrations" ON "schema_migrations" ("version")[0m
  [1m[35mActiveRecord::SchemaMigration Load (0.7ms)[0m  SELECT "schema_migrations".* FROM "schema_migrations"
Migrating to CreateVoters (20151010162111)
  [1m[36m (0.3ms)[0m  [1mbegin transaction[0m
  [1m[35m (1.8ms)[0m  CREATE TABLE "voters" ("id" INTEGER PRIMARY KEY AUTOINCREMENT NOT NULL, "egn" varchar, "vote" integer, "created_at" datetime NOT NULL, "updated_at" datetime NOT NULL) 
  [1m[36mSQL (1.4ms)[0m  [1mINSERT INTO "schema_migrations" ("version") VALUES (?)[0m  [["version", "20151010162111"]]
  [1m[35m (154.2ms)[0m  commit transaction
  [1m[36mActiveRecord::SchemaMigration Load (0.2ms)[0m  [1mSELECT "schema_migrations".* FROM "schema_migrations"[0m


Started GET "/voters/" for 127.0.0.1 at 2015-10-10 19:22:42 +0300
  [1m[36mActiveRecord::SchemaMigration Load (0.3ms)[0m  [1mSELECT "schema_migrations".* FROM "schema_migrations"[0m
Processing by VotersController#index as HTML
  [1m[35mVoter Load (0.3ms)[0m  SELECT "voters".* FROM "voters"
  Rendered voters/index.html.erb within layouts/application (5.1ms)
Completed 200 OK in 1908ms (Views: 1880.7ms | ActiveRecord: 0.5ms)


Started GET "/voters/" for 127.0.0.1 at 2015-10-10 19:22:44 +0300
Processing by VotersController#index as HTML
  [1m[36mVoter Load (0.4ms)[0m  [1mSELECT "voters".* FROM "voters"[0m
  Rendered voters/index.html.erb within layouts/application (4.5ms)
Completed 200 OK in 85ms (Views: 81.8ms | ActiveRecord: 0.4ms)


Started GET "/assets/scaffold.self-83b741db49389dc7cfdf85bf7537a0219cce48e085c4116afc83d55c9af47c78.css?body=1" for 127.0.0.1 at 2015-10-10 19:22:44 +0300


Started GET "/assets/voters.self-b60acab5af8d245ed2b3012f77d11d8d207d8eada27756badaf4ef05770d60f6.css?body=1" for 127.0.0.1 at 2015-10-10 19:22:44 +0300


Started GET "/assets/application.self-e80e8f2318043e8af94dddc2adad5a4f09739a8ebb323b3ab31cd71d45fd9113.css?body=1" for 127.0.0.1 at 2015-10-10 19:22:44 +0300


Started GET "/assets/jquery_ujs.self-8e98a7a072a6cee1372d19fff9ff3e6aa1e39a37d89d6f06861637d061113ee7.js?body=1" for 127.0.0.1 at 2015-10-10 19:22:44 +0300


Started GET "/assets/jquery.self-d03a5518f45df77341bdbe6201ba3bfa547ebba8ed64f0ea56bfa5f96ea7c074.js?body=1" for 127.0.0.1 at 2015-10-10 19:22:44 +0300


Started GET "/assets/turbolinks.self-680e388bf7f759d85e2dbe0044d33f55e12b26da721317111c01ec92e53df55e.js?body=1" for 127.0.0.1 at 2015-10-10 19:22:44 +0300


Started GET "/assets/application.self-3b8dabdc891efe46b9a144b400ad69e37d7e5876bdc39dee783419a69d7ca819.js?body=1" for 127.0.0.1 at 2015-10-10 19:22:44 +0300


Started GET "/assets/voters.self-877aef30ae1b040ab8a3aba4e3e309a11d7f2612f44dde450b5c157aa5f95c05.js?body=1" for 127.0.0.1 at 2015-10-10 19:22:44 +0300


Started GET "/voters/new" for 127.0.0.1 at 2015-10-10 19:22:47 +0300
Processing by VotersController#new as HTML
  Rendered voters/_form.html.erb (40.4ms)
  Rendered voters/new.html.erb within layouts/application (51.8ms)
Completed 200 OK in 156ms (Views: 143.5ms | ActiveRecord: 0.6ms)


Started POST "/voters" for 127.0.0.1 at 2015-10-10 19:22:52 +0300
Processing by VotersController#create as HTML
  Parameters: {"utf8"=>"✓", "authenticity_token"=>"XZy7CW7nrEAForRM3nB4gbqBInjVzi6yQFmjzFiXSx6Z0BVvLwTKwM0ztFWc5/Tw1iAMD41gJGJ1kWbjksAZ4w==", "voter"=>{"egn"=>"1234567890", "vote"=>"5"}, "commit"=>"Create Voter"}
  [1m[35m (0.2ms)[0m  begin transaction
  [1m[36mSQL (5.5ms)[0m  [1mINSERT INTO "voters" ("egn", "vote", "created_at", "updated_at") VALUES (?, ?, ?, ?)[0m  [["egn", "1234567890"], ["vote", 5], ["created_at", "2015-10-10 16:22:52.379148"], ["updated_at", "2015-10-10 16:22:52.379148"]]
  [1m[35m (294.9ms)[0m  commit transaction
Redirected to http://localhost:3000/voters/1
Completed 302 Found in 313ms (ActiveRecord: 300.6ms)


Started GET "/voters/1" for 127.0.0.1 at 2015-10-10 19:22:52 +0300
Processing by VotersController#show as HTML
  Parameters: {"id"=>"1"}
  [1m[36mVoter Load (0.6ms)[0m  [1mSELECT  "voters".* FROM "voters" WHERE "voters"."id" = ? LIMIT 1[0m  [["id", 1]]
  Rendered voters/show.html.erb within layouts/application (2.1ms)
Completed 200 OK in 128ms (Views: 100.8ms | ActiveRecord: 0.6ms)


Started GET "/voters" for 127.0.0.1 at 2015-10-10 19:22:55 +0300
Processing by VotersController#index as HTML
  [1m[35mVoter Load (0.5ms)[0m  SELECT "voters".* FROM "voters"
  Rendered voters/index.html.erb within layouts/application (8.5ms)
Completed 200 OK in 232ms (Views: 229.3ms | ActiveRecord: 0.5ms)


Started GET "/voters" for 127.0.0.1 at 2015-10-10 19:23:35 +0300
Processing by VotersController#index as HTML
  [1m[36mVoter Load (1.1ms)[0m  [1mSELECT "voters".* FROM "voters"[0m
  Rendered voters/index.html.erb within layouts/application (12.1ms)
Completed 200 OK in 91ms (Views: 83.3ms | ActiveRecord: 1.8ms)


Started GET "/assets/scaffold.self-83b741db49389dc7cfdf85bf7537a0219cce48e085c4116afc83d55c9af47c78.css?body=1" for 127.0.0.1 at 2015-10-10 19:23:35 +0300


Started GET "/assets/voters.self-b60acab5af8d245ed2b3012f77d11d8d207d8eada27756badaf4ef05770d60f6.css?body=1" for 127.0.0.1 at 2015-10-10 19:23:35 +0300


Started GET "/assets/jquery.self-d03a5518f45df77341bdbe6201ba3bfa547ebba8ed64f0ea56bfa5f96ea7c074.js?body=1" for 127.0.0.1 at 2015-10-10 19:23:36 +0300


Started GET "/assets/jquery_ujs.self-8e98a7a072a6cee1372d19fff9ff3e6aa1e39a37d89d6f06861637d061113ee7.js?body=1" for 127.0.0.1 at 2015-10-10 19:23:36 +0300


Started GET "/assets/application.self-e80e8f2318043e8af94dddc2adad5a4f09739a8ebb323b3ab31cd71d45fd9113.css?body=1" for 127.0.0.1 at 2015-10-10 19:23:36 +0300


Started GET "/assets/turbolinks.self-680e388bf7f759d85e2dbe0044d33f55e12b26da721317111c01ec92e53df55e.js?body=1" for 127.0.0.1 at 2015-10-10 19:23:36 +0300


Started GET "/assets/voters.self-877aef30ae1b040ab8a3aba4e3e309a11d7f2612f44dde450b5c157aa5f95c05.js?body=1" for 127.0.0.1 at 2015-10-10 19:23:36 +0300


Started GET "/assets/application.self-3b8dabdc891efe46b9a144b400ad69e37d7e5876bdc39dee783419a69d7ca819.js?body=1" for 127.0.0.1 at 2015-10-10 19:23:36 +0300


Started GET "/voters/new" for 127.0.0.1 at 2015-10-10 19:23:37 +0300
Processing by VotersController#new as HTML
  Rendered voters/_form.html.erb (4.1ms)
  Rendered voters/new.html.erb within layouts/application (7.0ms)
Completed 200 OK in 94ms (Views: 90.7ms | ActiveRecord: 0.0ms)


Started POST "/voters" for 127.0.0.1 at 2015-10-10 19:23:41 +0300
Processing by VotersController#create as HTML
  Parameters: {"utf8"=>"✓", "authenticity_token"=>"qnV/EQ6QstSiEynmGujYrlOIXt4wQWF56jqg6RbDrPxuOdF3T3PUVGqCKf9Yf1TfPylwqWjva6nf8mXG3JT+AQ==", "voter"=>{"egn"=>"1234567890", "vote"=>"33"}, "commit"=>"Create Voter"}
  [1m[35m (0.2ms)[0m  begin transaction
  [1m[36mVoter Exists (0.6ms)[0m  [1mSELECT  1 AS one FROM "voters" WHERE "voters"."egn" = '1234567890' LIMIT 1[0m
  [1m[35m (0.3ms)[0m  rollback transaction
  Rendered voters/_form.html.erb (8.6ms)
  Rendered voters/new.html.erb within layouts/application (12.5ms)
Completed 200 OK in 157ms (Views: 118.2ms | ActiveRecord: 1.0ms)


Started POST "/voters" for 127.0.0.1 at 2015-10-10 19:23:47 +0300
Processing by VotersController#create as HTML
  Parameters: {"utf8"=>"✓", "authenticity_token"=>"S+wviEf36QIsYYhPjotGCSDNVHNYbklS0hdBIjFuJBqPoIHuBhSPguTwiFbMHMp4TGx6BADAQ4Ln34QN+zl25w==", "voter"=>{"egn"=>"123456", "vote"=>"33"}, "commit"=>"Create Voter"}
  [1m[36m (0.2ms)[0m  [1mbegin transaction[0m
  [1m[35mVoter Exists (0.4ms)[0m  SELECT  1 AS one FROM "voters" WHERE "voters"."egn" = '123456' LIMIT 1
  [1m[36m (0.2ms)[0m  [1mrollback transaction[0m
  Rendered voters/_form.html.erb (18.6ms)
  Rendered voters/new.html.erb within layouts/application (21.9ms)
Completed 200 OK in 152ms (Views: 139.8ms | ActiveRecord: 0.7ms)


Started GET "/voters" for 127.0.0.1 at 2015-10-10 19:23:52 +0300
Processing by VotersController#index as HTML
  [1m[35mVoter Load (0.3ms)[0m  SELECT "voters".* FROM "voters"
  Rendered voters/index.html.erb within layouts/application (3.2ms)
Completed 200 OK in 80ms (Views: 78.4ms | ActiveRecord: 0.3ms)
  [1m[36mActiveRecord::SchemaMigration Load (0.2ms)[0m  [1mSELECT "schema_migrations".* FROM "schema_migrations"[0m
Migrating to CreateCandidates (20151010162603)
  [1m[35m (0.2ms)[0m  begin transaction
  [1m[36m (0.6ms)[0m  [1mCREATE TABLE "candidates" ("id" INTEGER PRIMARY KEY AUTOINCREMENT NOT NULL, "number" integer, "name" varchar, "created_at" datetime NOT NULL, "updated_at" datetime NOT NULL) [0m
  [1m[35mSQL (0.4ms)[0m  INSERT INTO "schema_migrations" ("version") VALUES (?)  [["version", "20151010162603"]]
  [1m[36m (376.3ms)[0m  [1mcommit transaction[0m
  [1m[35mActiveRecord::SchemaMigration Load (0.6ms)[0m  SELECT "schema_migrations".* FROM "schema_migrations"


Started GET "/candidates" for 127.0.0.1 at 2015-10-10 19:26:35 +0300
  [1m[36mActiveRecord::SchemaMigration Load (0.3ms)[0m  [1mSELECT "schema_migrations".* FROM "schema_migrations"[0m
Processing by CandidatesController#index as HTML
  [1m[35mCandidate Load (0.4ms)[0m  SELECT "candidates".* FROM "candidates"
  Rendered candidates/index.html.erb within layouts/application (4.4ms)
Completed 200 OK in 264ms (Views: 258.3ms | ActiveRecord: 0.6ms)


Started GET "/assets/candidates.self-b60acab5af8d245ed2b3012f77d11d8d207d8eada27756badaf4ef05770d60f6.css?body=1" for 127.0.0.1 at 2015-10-10 19:26:35 +0300


Started GET "/assets/candidates.self-877aef30ae1b040ab8a3aba4e3e309a11d7f2612f44dde450b5c157aa5f95c05.js?body=1" for 127.0.0.1 at 2015-10-10 19:26:35 +0300


Started GET "/candidates/new" for 127.0.0.1 at 2015-10-10 19:26:42 +0300
Processing by CandidatesController#new as HTML
  Rendered candidates/_form.html.erb (6.0ms)
  Rendered candidates/new.html.erb within layouts/application (10.0ms)
Completed 200 OK in 131ms (Views: 122.5ms | ActiveRecord: 0.5ms)


Started POST "/candidates" for 127.0.0.1 at 2015-10-10 19:26:58 +0300
Processing by CandidatesController#create as HTML
  Parameters: {"utf8"=>"✓", "authenticity_token"=>"iWFBOUAifaK2EeFjHPyxiDTosDHyJ5XH6L6zHiEuKdNNLe9fAcEbIn6A4Xpeaz35WEmeRqqJnxfddnYx63l7Lg==", "candidate"=>{"number"=>"40", "name"=>"Lubo"}, "commit"=>"Create Candidate"}
  [1m[36m (0.2ms)[0m  [1mbegin transaction[0m
  [1m[35mSQL (0.6ms)[0m  INSERT INTO "candidates" ("number", "name", "created_at", "updated_at") VALUES (?, ?, ?, ?)  [["number", 40], ["name", "Lubo"], ["created_at", "2015-10-10 16:26:58.788562"], ["updated_at", "2015-10-10 16:26:58.788562"]]
  [1m[36m (294.1ms)[0m  [1mcommit transaction[0m
Redirected to http://localhost:3000/candidates/1
Completed 302 Found in 303ms (ActiveRecord: 294.8ms)


Started GET "/candidates/1" for 127.0.0.1 at 2015-10-10 19:26:59 +0300
Processing by CandidatesController#show as HTML
  Parameters: {"id"=>"1"}
  [1m[35mCandidate Load (0.5ms)[0m  SELECT  "candidates".* FROM "candidates" WHERE "candidates"."id" = ? LIMIT 1  [["id", 1]]
  Rendered candidates/show.html.erb within layouts/application (2.5ms)
Completed 200 OK in 125ms (Views: 119.7ms | ActiveRecord: 0.5ms)


Started GET "/candidates" for 127.0.0.1 at 2015-10-10 19:27:01 +0300
Processing by CandidatesController#index as HTML
  [1m[36mCandidate Load (0.5ms)[0m  [1mSELECT "candidates".* FROM "candidates"[0m
  Rendered candidates/index.html.erb within layouts/application (5.2ms)
Completed 200 OK in 107ms (Views: 105.0ms | ActiveRecord: 0.5ms)


Started GET "/candidates/new" for 127.0.0.1 at 2015-10-10 19:27:35 +0300
Processing by CandidatesController#new as HTML
  Rendered candidates/_form.html.erb (4.6ms)
  Rendered candidates/new.html.erb within layouts/application (8.2ms)
Completed 200 OK in 153ms (Views: 151.4ms | ActiveRecord: 0.0ms)


Started POST "/candidates" for 127.0.0.1 at 2015-10-10 19:27:43 +0300
Processing by CandidatesController#create as HTML
  Parameters: {"utf8"=>"✓", "authenticity_token"=>"wB+jFvHcWFRlflIhwlpgzh1EvxUTD7vlDcnsdXnyhZMEUw1wsD8+1K3vUjiAzey/ceWRYkuhsTU4ASlas6XXbg==", "candidate"=>{"number"=>"7", "name"=>"Julian"}, "commit"=>"Create Candidate"}
  [1m[35m (0.1ms)[0m  begin transaction
  [1m[36mSQL (0.4ms)[0m  [1mINSERT INTO "candidates" ("number", "name", "created_at", "updated_at") VALUES (?, ?, ?, ?)[0m  [["number", 7], ["name", "Julian"], ["created_at", "2015-10-10 16:27:43.909642"], ["updated_at", "2015-10-10 16:27:43.909642"]]
  [1m[35m (259.4ms)[0m  commit transaction
Redirected to http://localhost:3000/candidates/2
Completed 302 Found in 269ms (ActiveRecord: 259.9ms)


Started GET "/candidates/2" for 127.0.0.1 at 2015-10-10 19:27:44 +0300
Processing by CandidatesController#show as HTML
  Parameters: {"id"=>"2"}
  [1m[36mCandidate Load (0.4ms)[0m  [1mSELECT  "candidates".* FROM "candidates" WHERE "candidates"."id" = ? LIMIT 1[0m  [["id", 2]]
  Rendered candidates/show.html.erb within layouts/application (1.0ms)
Completed 200 OK in 113ms (Views: 109.7ms | ActiveRecord: 0.4ms)


Started GET "/candidates" for 127.0.0.1 at 2015-10-10 19:27:46 +0300
Processing by CandidatesController#index as HTML
  [1m[35mCandidate Load (0.4ms)[0m  SELECT "candidates".* FROM "candidates"
  Rendered candidates/index.html.erb within layouts/application (4.3ms)
Completed 200 OK in 133ms (Views: 131.0ms | ActiveRecord: 0.4ms)


Started GET "/candidates/new" for 127.0.0.1 at 2015-10-10 19:27:48 +0300
Processing by CandidatesController#new as HTML
  Rendered candidates/_form.html.erb (3.5ms)
  Rendered candidates/new.html.erb within layouts/application (9.6ms)
Completed 200 OK in 127ms (Views: 126.0ms | ActiveRecord: 0.0ms)


Started POST "/candidates" for 127.0.0.1 at 2015-10-10 19:28:05 +0300
Processing by CandidatesController#create as HTML
  Parameters: {"utf8"=>"✓", "authenticity_token"=>"SDJRsD/3yf0GZ48+DcyexzRDOi0dpsxt9QRKbZ9i0fyMfv/WfhSvfc72jydPWxK2WOIUWkUIxr3AzI9CVTWDAQ==", "candidate"=>{"number"=>"20", "name"=>"Bojo"}, "commit"=>"Create Candidate"}
  [1m[36m (0.2ms)[0m  [1mbegin transaction[0m
  [1m[35mSQL (2.0ms)[0m  INSERT INTO "candidates" ("number", "name", "created_at", "updated_at") VALUES (?, ?, ?, ?)  [["number", 20], ["name", "Bojo"], ["created_at", "2015-10-10 16:28:05.668364"], ["updated_at", "2015-10-10 16:28:05.668364"]]
  [1m[36m (296.2ms)[0m  [1mcommit transaction[0m
Redirected to http://localhost:3000/candidates/3
Completed 302 Found in 314ms (ActiveRecord: 298.3ms)


Started GET "/candidates/3" for 127.0.0.1 at 2015-10-10 19:28:05 +0300
Processing by CandidatesController#show as HTML
  Parameters: {"id"=>"3"}
  [1m[35mCandidate Load (0.3ms)[0m  SELECT  "candidates".* FROM "candidates" WHERE "candidates"."id" = ? LIMIT 1  [["id", 3]]
  Rendered candidates/show.html.erb within layouts/application (0.9ms)
Completed 200 OK in 115ms (Views: 111.8ms | ActiveRecord: 0.3ms)


Started GET "/candidates" for 127.0.0.1 at 2015-10-10 19:28:07 +0300
Processing by CandidatesController#index as HTML
  [1m[36mCandidate Load (0.5ms)[0m  [1mSELECT "candidates".* FROM "candidates"[0m
  Rendered candidates/index.html.erb within layouts/application (6.4ms)
Completed 200 OK in 132ms (Views: 130.2ms | ActiveRecord: 0.5ms)


Started GET "/voters" for 127.0.0.1 at 2015-10-10 19:28:20 +0300
Processing by VotersController#index as HTML
  [1m[35mVoter Load (0.6ms)[0m  SELECT "voters".* FROM "voters"
  Rendered voters/index.html.erb within layouts/application (14.1ms)
Completed 200 OK in 151ms (Views: 140.5ms | ActiveRecord: 1.0ms)


Started GET "/candidates" for 127.0.0.1 at 2015-10-10 19:28:31 +0300
Processing by CandidatesController#index as HTML
  [1m[36mCandidate Load (3.6ms)[0m  [1mSELECT "candidates".* FROM "candidates"[0m
  Rendered candidates/index.html.erb within layouts/application (23.2ms)
Completed 200 OK in 175ms (Views: 169.7ms | ActiveRecord: 3.6ms)


Started GET "/candidates" for 127.0.0.1 at 2015-10-10 19:28:38 +0300
Processing by CandidatesController#index as HTML
  [1m[35mCandidate Load (0.6ms)[0m  SELECT "candidates".* FROM "candidates"
  Rendered candidates/index.html.erb within layouts/application (6.9ms)
Completed 200 OK in 125ms (Views: 123.3ms | ActiveRecord: 0.6ms)


Started GET "/candidates.json" for 127.0.0.1 at 2015-10-10 19:31:54 +0300
Processing by CandidatesController#index as JSON
  [1m[36mCandidate Load (0.5ms)[0m  [1mSELECT "candidates".* FROM "candidates"[0m
  Rendered candidates/index.json.jbuilder (13.4ms)
Completed 200 OK in 29ms (Views: 26.9ms | ActiveRecord: 0.5ms)
  [1m[36m (149.9ms)[0m  [1mCREATE TABLE "schema_migrations" ("version" varchar NOT NULL) [0m
  [1m[35m (0.4ms)[0m  select sqlite_version(*)
  [1m[36m (104.3ms)[0m  [1mCREATE UNIQUE INDEX "unique_schema_migrations" ON "schema_migrations" ("version")[0m
  [1m[35mActiveRecord::SchemaMigration Load (0.3ms)[0m  SELECT "schema_migrations".* FROM "schema_migrations"
Migrating to CreateVoters (20151010162111)
  [1m[36m (0.2ms)[0m  [1mbegin transaction[0m
  [1m[35m (0.9ms)[0m  CREATE TABLE "voters" ("id" INTEGER PRIMARY KEY AUTOINCREMENT NOT NULL, "egn" varchar, "vote" integer, "created_at" datetime NOT NULL, "updated_at" datetime NOT NULL) 
  [1m[36mSQL (0.5ms)[0m  [1mINSERT INTO "schema_migrations" ("version") VALUES (?)[0m  [["version", "20151010162111"]]
  [1m[35m (120.5ms)[0m  commit transaction
Migrating to CreateCandidates (20151010162603)
  [1m[36m (0.1ms)[0m  [1mbegin transaction[0m
  [1m[35m (0.7ms)[0m  CREATE TABLE "candidates" ("id" INTEGER PRIMARY KEY AUTOINCREMENT NOT NULL, "number" integer, "name" varchar, "created_at" datetime NOT NULL, "updated_at" datetime NOT NULL) 
  [1m[36mSQL (0.3ms)[0m  [1mINSERT INTO "schema_migrations" ("version") VALUES (?)[0m  [["version", "20151010162603"]]
  [1m[35m (127.9ms)[0m  commit transaction
  [1m[36mActiveRecord::SchemaMigration Load (0.3ms)[0m  [1mSELECT "schema_migrations".* FROM "schema_migrations"[0m
